╒═════════════════════════════════════════════════════════════════════════════╕
│      Ultimate Strength Design of Concrete Beams                             │
│      See Page 14-10 in Engineering Review Book                              │
│      Applied to Simple Beam Span                                            │
├─────────────────────────────────────────────────────────────────────────────┤
│                b= 36.0"                                                     │
│             <----------->              Beam Length =  11  feet              │
│             ┌───────────┐ --+---                                            │
│             │           │   |                                               │
│             │           │   |                                               │
│             │           │   |  d= 5.0"                                      │
│             │           │   |                                               │
│             │  O O O O__│___|___ center of steel grouping= 11   # 6   bars  │
│             │  O O O O  │   |                                               │
│             │           │   |  cover= 2.0 "                                 │
│             └───────────┘---+---                                            │
│                                                                             │
│  Dead Load caused by Conc. Beam   DL0 = (_d+cov)*_b/144*150 =     263 #/ft  │
│  Additional Uniform Dead Load     DL1                       =    1500 #/ft  │
│  Weight of concrete                                               150 pcf   │
│  Compressive Strength of Concrete fc                        =    3500 psi   │
│  Yield Strength of Steel          fy                        =   40000 psi   │
│  Flexure Capacity Reduction Fac.  φb                        =  0.9000       │
│  Ignore the steel weight                                                    │
├─────────────────────────────────────────────────────────────────────────────┤
│  Area Steel                    Ast= pi*(rsz/8/2)^2 * #bar   =   4.860 in^2  │
│  Re-inforcement Ratio          _σ = Ast/(_d*_b)             =   0.02700     │
│  Height of compressive Block   _a = _σ*fy*_d/(.85*fc)       =   1.815 in.   │
│  Nominal Strength of the Beam  Mn = Ast*fy*(_d-_a/2)/12     =   66294 ft-#  │
│  Flexure Capacity Reduction    Mn = φb * Mn                 =   59664 ft-#  │
├─────────────────────────────────────────────────────────────────────────────┤
│  Mu  = 1.4∙M_Dead + 1.7∙M_Live                                              │
│  Mu  ≤ Mn ∙ φb                                                              │
│                                                                             │
│  Moment caused by Dead Load    MD    = (DL0+DL1) * _L^2 /8  =   26658 #-ft  │
│  Nominal Moment Reduced by DL  Mn    = Mn -  1.4 * MD       =   22343 #-ft  │
├─────────────────────────────────────────────────────────────────────────────┤
│  REMAINING LIVE LOAD CAPACITY                                               │
│  ============================                                               │
│  Allowable Uniform Live Load   LL    = Mn * 8  / _L^2 /1.7  =     869 #/ft  │
│  Allowable Point   Live Load   _P    = Mn * 4  / _L   /1.7  =    4779 lbs   │
╘═════════════════════════════════════════════════════════════════════════════╛
╒═════════════════════════════════════════════════════════════════════════════╕
│  General Provisions of Beam Design                                          │
├─────────────────────────────────────────────────────────────────────────────┤
│  CHECK:  Steel Re-Inforcement Ratio Limits                                  │
│          ACI Section 10.3.3 and 10.5.1     200/fy ≤ σ ≤ 0.75 ∙ σb           │
│          Balance  Factor       ß1                                  =  0.850 │
│          Balanced Ratio        σb=.85*ß1*fc/fy*(87000/(87000+fy))  =  0.043 │
│                                                                             │
│          ACI Requirement                   0.0050 ≤ 0.0270 ≤ 0.0325         │
├─────────────────────────────────────────────────────────────────────────────┤
│  CHECK:  Beam Depth to Width Ratio to reduce cracking from deflection.      │
│          Requirement                       1.75 < d/b < 2                   │
│ ERROR: d/b ratio    1.75 < d/b                                              │
│                                                                             │
│          Requirement                       1.75 < 0.1389 <  2.00            │
├─────────────────────────────────────────────────────────────────────────────┤
│  CHECK: Concrete Cover                                                      │
│     *   All Steel including the reinforcement, must be adequately           │
│         covered by concrete.  Appendix A lists the cover on reinforcing     │
│         steel in detail (page 14-37).  However a minimum of 1-1/2 inches    │
│         of cover is generally required.                                     │
│                                                                             │
│     *   The clear distance between bars in the maximum of one bar           │
│         diameter or 1".                                                     │
│                                                                             │
│     *   The minimum clear distance between layers is 1".                    │
│                                                                             │
│     *   Table 14.5 is easily derived from the clear spacing and depth       │
│         of cover requirements of the ACI code (see Appendix A). The table   │
│         assumes that #3 stirrups will be used, and cover is provided for    │
│         them.  If no stirrups are used then deduct 3/4" from the table      │
│         values.  For additional bars horizontally, increase the beam        │
│         width by adding the value in the last column.                       │
│                                                                             │
│                Table 14.5 MINIMUM BEAm WIDTH w/#3 Stirrups     add for      │
│                                                                add for      │
│         bar     No. of bars in single layer of reinforcement   each         │
│         size    2      3      4      5      6      7      8    added bar    │
│         ----- -----  -----  -----  -----  -----  -----  -----  ---------    │
│         #4     6.1    7.6    9.1   10.6   12.1   13.6   15.1     1.5        │
│         #5     6.3    7.9    9.6   11.2   12.8   14.4   16.1     1.63       │
│         #6     6.5    8.3   10.0   11.8   13.5   15.3   17.0     1.75       │
│         #7     6.7    8.6   10.5   12.4   14.2   16.1   18.0     1.88       │
│         #8     6.9    8.9   10.9   12.9   14.9   16.9   18.9     2.0        │
│         #9     7.3    9.5   11.8   14.0   16.3   18.6   20.8     2.26       │
│         #10    7.7   10.2   12.8   15.3   17.8   20.4   22.9     2.54       │
│         #11    8.0   10.8   13.7   16.5   19.3   22.1   24.9     2.82       │
│         #14    8.9   12.3   15.6   19.0   22.4   25.8   29.2     3.39       │
│         #18   10.5   15.0   19.5   24.0   28.6   33.1   37.6     4.51       │
╘═════════════════════════════════════════════════════════════════════════════╛
╒═════════════════════════════════════════════════════════════════════════════╕
│  SHEAR Reinforcement in the Beam                                            │
├─────────────────────────────────────────────────────────────────────────────┤
│  Shear Capacity Reduction Fac. φv                           =  0.8500       │
│  Shear requirement             Vu = (_P+ (DL0+DL1)*_L) / 2  =   12083 lbs   │
│  Shear developed by concrete   Vc = 2 * sqrt(fc) *_b*_d     =   21298 lbs   │
│  Shear required  by steel      Vst= Vu/φv - Vc              =   -7082 lbs   │
├─────────────────────────────────────────────────────────────────────────────┤
│  Max. shear steel reinfor.    Vmax= 8 * sqrt(fc) *_b*_d     =   85192 lbs   │
│                                                                             │
│  Minimum shear steel reinforcement is required when   φVc > Vu    > ½φVc    │
│                                                     18103 > 12083 >  9052   │
│  Note: Minimum shear reinforcement is required.  Av = 50∙b∙s / fy           │
│  Shear required  by steel      Vst= 50 * _b*_d              =    9000 lbs   │
├─────────────────────────────────────────────────────────────────────────────┤
│  Area Provide by Stirup      Av = pi*(ssz/8/2)^2*2  2 sides =   0.221 in.^2 │
│  Normal stirrup spacing=½∙d  _s = _d/2 - ssr                =   4.500 in.   │
│  Note:  ssr = stirrup spacing reduction input by user.                      │
│  Reduce spacing by ½ when   Vst > 2∙Vc                                      │
│                            9000 > 42596                                     │
│  Shear provided by stirrups               Av*fy*_d/_s       =    9817 lbs.  │
│  Residual Shear strength.                 Av*fy*_d/_s - Vst =     817 lbs.  │
╘═════════════════════════════════════════════════════════════════════════════╛
